-- The C compiler identification is GNU 11.1.0
-- Checking whether C compiler has -isysroot
-- Checking whether C compiler has -isysroot - yes
-- Checking whether C compiler supports OSX deployment target flag
-- Checking whether C compiler supports OSX deployment target flag - yes
-- Check for working C compiler: /usr/local/bin/gcc-11
-- Check for working C compiler: /usr/local/bin/gcc-11 -- works
-- Detecting C compiler ABI info
-- Detecting C compiler ABI info - done
-- Detecting C compile features
-- Detecting C compile features - done
-- library found at /Users/AlexanderBouman/Desktop/GradSchool/RExLab/SerialRelay/deps/build/_deps/libserialport/libserialport-src/.libs/libserialport.dylib
-- The CXX compiler identification is GNU 11.1.0
-- Checking whether CXX compiler has -isysroot
-- Checking whether CXX compiler has -isysroot - yes
-- Checking whether CXX compiler supports OSX deployment target flag
-- Checking whether CXX compiler supports OSX deployment target flag - yes
-- Check for working CXX compiler: /usr/local/bin/g++-11
-- Check for working CXX compiler: /usr/local/bin/g++-11 -- works
-- Detecting CXX compiler ABI info
-- Detecting CXX compiler ABI info - done
-- Detecting CXX compile features
-- Detecting CXX compile features - done
-- Looking for pthread.h
-- Looking for pthread.h - found
-- Performing Test CMAKE_HAVE_LIBC_PTHREAD
-- Performing Test CMAKE_HAVE_LIBC_PTHREAD - Success
-- Found Threads: TRUE  
-- Detected ZMQ Version - 4.3.4
-- Found PkgConfig: /usr/local/bin/pkg-config (found version "0.29.2") 
-- Performing Test COMPILER_SUPPORTS_CXX11
-- Performing Test COMPILER_SUPPORTS_CXX11 - Success
-- Performing Test COMPILER_SUPPORTS_C11
-- Performing Test COMPILER_SUPPORTS_C11 - Success
-- Performing Test CXX_HAS_TAUT_WARNING
-- Performing Test CXX_HAS_TAUT_WARNING - Success
-- Performing Test CC_HAS_TAUT_WARNING
-- Performing Test CC_HAS_TAUT_WARNING - Success
-- Not building draft classes and methods
-- Using builtin sha1
-- Checking for module 'libbsd'
--   No package 'libbsd' found
-- Looking for strlcpy
-- Looking for strlcpy - found
-- Checking for module 'libsodium'
--   Found libsodium, version 1.0.18
-- Found sodium: /usr/local/Cellar/libsodium/1.0.18_1/lib/libsodium.dylib  
-- Using libsodium for CURVE security
-- Looking for kqueue
-- Looking for kqueue - found
-- Using polling method in I/O threads: kqueue
-- Using polling method in zmq_poll(er)_* API: poll
-- Using 64 bytes alignment for lock-free data structures
-- Looking for include file windows.h
-- Looking for include file windows.h - not found
-- Looking for include file condition_variable
-- Looking for include file condition_variable - found
-- Using condition_variable_t implementation: stl11
-- Looking for include file ifaddrs.h
-- Looking for include file ifaddrs.h - found
-- Looking for include file sys/uio.h
-- Looking for include file sys/uio.h - found
-- Looking for include file sys/eventfd.h
-- Looking for include file sys/eventfd.h - not found
-- Looking for if_nametoindex
-- Looking for if_nametoindex - found
-- Looking for SO_PEERCRED
-- Looking for SO_PEERCRED - not found
-- Looking for LOCAL_PEERCRED
-- Looking for LOCAL_PEERCRED - not found
-- Looking for clock_gettime
-- Looking for clock_gettime - not found
-- Looking for fork
-- Looking for fork - found
-- Looking for gethrtime
-- Looking for gethrtime - not found
-- Looking for mkdtemp
-- Looking for mkdtemp - not found
-- Looking for accept4
-- Looking for accept4 - not found
-- Looking for strnlen
-- Looking for strnlen - found
-- Performing Test HAVE_FLAG_-Wall
-- Performing Test HAVE_FLAG_-Wall - Failed
-- Performing Test HAVE_FLAG_-Wextra
-- Performing Test HAVE_FLAG_-Wextra - Failed
-- Performing Test HAVE_FLAG_-Wno-long-long
-- Performing Test HAVE_FLAG_-Wno-long-long - Failed
-- Performing Test HAVE_FLAG_-Wno-uninitialized
-- Performing Test HAVE_FLAG_-Wno-uninitialized - Failed
-- Performing Test HAVE_FLAG_-pedantic
-- Performing Test HAVE_FLAG_-pedantic - Failed
-- Checking whether noexcept is supported
-- Performing Test ZMQ_HAVE_NOEXCEPT
-- Performing Test ZMQ_HAVE_NOEXCEPT - Success
-- Checking whether SOCK_CLOEXEC is supported
-- Performing Test ZMQ_HAVE_SOCK_CLOEXEC
-- Performing Test ZMQ_HAVE_SOCK_CLOEXEC - Failed
-- Checking whether O_CLOEXEC is supported
-- Performing Test ZMQ_HAVE_O_CLOEXEC
-- Performing Test ZMQ_HAVE_O_CLOEXEC - Success
-- Checking whether SO_BINDTODEVICE is supported
-- Performing Test ZMQ_HAVE_SO_BINDTODEVICE
-- Performing Test ZMQ_HAVE_SO_BINDTODEVICE - Failed
-- Checking whether SO_KEEPALIVE is supported
-- Performing Test ZMQ_HAVE_SO_KEEPALIVE
-- Performing Test ZMQ_HAVE_SO_KEEPALIVE - Success
-- Checking whether SO_PRIORITY is supported
-- Performing Test ZMQ_HAVE_SO_PRIORITY
-- Performing Test ZMQ_HAVE_SO_PRIORITY - Failed
-- Checking whether TCP_KEEPCNT is supported
-- Performing Test ZMQ_HAVE_TCP_KEEPCNT
-- Performing Test ZMQ_HAVE_TCP_KEEPCNT - Success
-- Checking whether TCP_KEEPIDLE is supported
-- Performing Test ZMQ_HAVE_TCP_KEEPIDLE
-- Performing Test ZMQ_HAVE_TCP_KEEPIDLE - Failed
-- Checking whether TCP_KEEPINTVL is supported
-- Performing Test ZMQ_HAVE_TCP_KEEPINTVL
-- Performing Test ZMQ_HAVE_TCP_KEEPINTVL - Success
-- Checking whether TCP_KEEPALIVE is supported
-- Performing Test ZMQ_HAVE_TCP_KEEPALIVE
-- Performing Test ZMQ_HAVE_TCP_KEEPALIVE - Success
-- Checking whether TIPC is supported
-- Performing Test ZMQ_HAVE_TIPC
-- Performing Test ZMQ_HAVE_TIPC - Failed
-- Checking pthread_setname signature
-- Performing Test ZMQ_HAVE_PTHREAD_SETNAME_1
-- Performing Test ZMQ_HAVE_PTHREAD_SETNAME_1 - Success
-- Performing Test ZMQ_HAVE_PTHREAD_SETNAME_2
-- Performing Test ZMQ_HAVE_PTHREAD_SETNAME_2 - Failed
-- Performing Test ZMQ_HAVE_PTHREAD_SETNAME_3
-- Performing Test ZMQ_HAVE_PTHREAD_SETNAME_3 - Failed
-- Performing Test ZMQ_HAVE_PTHREAD_SET_NAME
-- Performing Test ZMQ_HAVE_PTHREAD_SET_NAME - Failed
-- Checking pthread_setaffinity signature
-- Performing Test ZMQ_HAVE_PTHREAD_SET_AFFINITY
-- Performing Test ZMQ_HAVE_PTHREAD_SET_AFFINITY - Failed
-- Checking whether getrandom is supported
-- Performing Test ZMQ_HAVE_GETRANDOM
-- Performing Test ZMQ_HAVE_GETRANDOM - Failed
-- Found AsciiDoc: /usr/local/bin/asciidoc  
-- Configuring done
-- Generating done
-- Build files have been written to: /Users/AlexanderBouman/Desktop/GradSchool/RExLab/SerialRelay/deps/build
Scanning dependencies of target objects
[  0%] Building C object _deps/libzmq-build/CMakeFiles/objects.dir/external/sha1/sha1.c.o
[  1%] Building CXX object _deps/libzmq-build/CMakeFiles/objects.dir/src/precompiled.cpp.o
[  1%] Building CXX object _deps/libzmq-build/CMakeFiles/objects.dir/src/address.cpp.o
[  1%] Building CXX object _deps/libzmq-build/CMakeFiles/objects.dir/src/channel.cpp.o
[  2%] Building CXX object _deps/libzmq-build/CMakeFiles/objects.dir/src/client.cpp.o
[  2%] Building CXX object _deps/libzmq-build/CMakeFiles/objects.dir/src/clock.cpp.o
[  3%] Building CXX object _deps/libzmq-build/CMakeFiles/objects.dir/src/ctx.cpp.o
[  3%] Building CXX object _deps/libzmq-build/CMakeFiles/objects.dir/src/curve_mechanism_base.cpp.o
[  3%] Building CXX object _deps/libzmq-build/CMakeFiles/objects.dir/src/curve_client.cpp.o
[  4%] Building CXX object _deps/libzmq-build/CMakeFiles/objects.dir/src/curve_server.cpp.o
[  4%] Building CXX object _deps/libzmq-build/CMakeFiles/objects.dir/src/dealer.cpp.o
[  4%] Building CXX object _deps/libzmq-build/CMakeFiles/objects.dir/src/devpoll.cpp.o
[  5%] Building CXX object _deps/libzmq-build/CMakeFiles/objects.dir/src/dgram.cpp.o
[  5%] Building CXX object _deps/libzmq-build/CMakeFiles/objects.dir/src/dist.cpp.o
[  6%] Building CXX object _deps/libzmq-build/CMakeFiles/objects.dir/src/endpoint.cpp.o
[  6%] Building CXX object _deps/libzmq-build/CMakeFiles/objects.dir/src/epoll.cpp.o
[  6%] Building CXX object _deps/libzmq-build/CMakeFiles/objects.dir/src/err.cpp.o
[  7%] Building CXX object _deps/libzmq-build/CMakeFiles/objects.dir/src/fq.cpp.o
[  7%] Building CXX object _deps/libzmq-build/CMakeFiles/objects.dir/src/io_object.cpp.o
[  7%] Building CXX object _deps/libzmq-build/CMakeFiles/objects.dir/src/io_thread.cpp.o
[  8%] Building CXX object _deps/libzmq-build/CMakeFiles/objects.dir/src/ip.cpp.o
[  8%] Building CXX object _deps/libzmq-build/CMakeFiles/objects.dir/src/ipc_address.cpp.o
[  9%] Building CXX object _deps/libzmq-build/CMakeFiles/objects.dir/src/ipc_connecter.cpp.o
[  9%] Building CXX object _deps/libzmq-build/CMakeFiles/objects.dir/src/ipc_listener.cpp.o
[  9%] Building CXX object _deps/libzmq-build/CMakeFiles/objects.dir/src/kqueue.cpp.o
[ 10%] Building CXX object _deps/libzmq-build/CMakeFiles/objects.dir/src/lb.cpp.o
[ 10%] Building CXX object _deps/libzmq-build/CMakeFiles/objects.dir/src/mailbox.cpp.o
[ 10%] Building CXX object _deps/libzmq-build/CMakeFiles/objects.dir/src/mailbox_safe.cpp.o
[ 11%] Building CXX object _deps/libzmq-build/CMakeFiles/objects.dir/src/mechanism.cpp.o
[ 11%] Building CXX object _deps/libzmq-build/CMakeFiles/objects.dir/src/mechanism_base.cpp.o
[ 12%] Building CXX object _deps/libzmq-build/CMakeFiles/objects.dir/src/metadata.cpp.o
[ 12%] Building CXX object _deps/libzmq-build/CMakeFiles/objects.dir/src/msg.cpp.o
[ 12%] Building CXX object _deps/libzmq-build/CMakeFiles/objects.dir/src/mtrie.cpp.o
[ 13%] Building CXX object _deps/libzmq-build/CMakeFiles/objects.dir/src/norm_engine.cpp.o
[ 13%] Building CXX object _deps/libzmq-build/CMakeFiles/objects.dir/src/object.cpp.o
[ 13%] Building CXX object _deps/libzmq-build/CMakeFiles/objects.dir/src/options.cpp.o
[ 14%] Building CXX object _deps/libzmq-build/CMakeFiles/objects.dir/src/own.cpp.o
[ 14%] Building CXX object _deps/libzmq-build/CMakeFiles/objects.dir/src/null_mechanism.cpp.o
[ 15%] Building CXX object _deps/libzmq-build/CMakeFiles/objects.dir/src/pair.cpp.o
[ 15%] Building CXX object _deps/libzmq-build/CMakeFiles/objects.dir/src/peer.cpp.o
[ 15%] Building CXX object _deps/libzmq-build/CMakeFiles/objects.dir/src/pgm_receiver.cpp.o
[ 16%] Building CXX object _deps/libzmq-build/CMakeFiles/objects.dir/src/pgm_sender.cpp.o
[ 16%] Building CXX object _deps/libzmq-build/CMakeFiles/objects.dir/src/pgm_socket.cpp.o
[ 16%] Building CXX object _deps/libzmq-build/CMakeFiles/objects.dir/src/pipe.cpp.o
[ 17%] Building CXX object _deps/libzmq-build/CMakeFiles/objects.dir/src/plain_client.cpp.o
[ 17%] Building CXX object _deps/libzmq-build/CMakeFiles/objects.dir/src/plain_server.cpp.o
[ 18%] Building CXX object _deps/libzmq-build/CMakeFiles/objects.dir/src/poll.cpp.o
[ 18%] Building CXX object _deps/libzmq-build/CMakeFiles/objects.dir/src/poller_base.cpp.o
[ 18%] Building CXX object _deps/libzmq-build/CMakeFiles/objects.dir/src/polling_util.cpp.o
[ 19%] Building CXX object _deps/libzmq-build/CMakeFiles/objects.dir/src/pollset.cpp.o
[ 19%] Building CXX object _deps/libzmq-build/CMakeFiles/objects.dir/src/proxy.cpp.o
[ 19%] Building CXX object _deps/libzmq-build/CMakeFiles/objects.dir/src/pub.cpp.o
[ 20%] Building CXX object _deps/libzmq-build/CMakeFiles/objects.dir/src/pull.cpp.o
[ 20%] Building CXX object _deps/libzmq-build/CMakeFiles/objects.dir/src/push.cpp.o
[ 21%] Building CXX object _deps/libzmq-build/CMakeFiles/objects.dir/src/random.cpp.o
[ 21%] Building CXX object _deps/libzmq-build/CMakeFiles/objects.dir/src/raw_encoder.cpp.o
[ 21%] Building CXX object _deps/libzmq-build/CMakeFiles/objects.dir/src/raw_decoder.cpp.o
[ 22%] Building CXX object _deps/libzmq-build/CMakeFiles/objects.dir/src/raw_engine.cpp.o
[ 22%] Building CXX object _deps/libzmq-build/CMakeFiles/objects.dir/src/reaper.cpp.o
[ 23%] Building CXX object _deps/libzmq-build/CMakeFiles/objects.dir/src/rep.cpp.o
[ 23%] Building CXX object _deps/libzmq-build/CMakeFiles/objects.dir/src/req.cpp.o
[ 23%] Building CXX object _deps/libzmq-build/CMakeFiles/objects.dir/src/router.cpp.o
[ 24%] Building CXX object _deps/libzmq-build/CMakeFiles/objects.dir/src/select.cpp.o
[ 24%] Building CXX object _deps/libzmq-build/CMakeFiles/objects.dir/src/server.cpp.o
[ 24%] Building CXX object _deps/libzmq-build/CMakeFiles/objects.dir/src/session_base.cpp.o
[ 25%] Building CXX object _deps/libzmq-build/CMakeFiles/objects.dir/src/signaler.cpp.o
[ 25%] Building CXX object _deps/libzmq-build/CMakeFiles/objects.dir/src/socket_base.cpp.o
[ 26%] Building CXX object _deps/libzmq-build/CMakeFiles/objects.dir/src/socks.cpp.o
[ 26%] Building CXX object _deps/libzmq-build/CMakeFiles/objects.dir/src/socks_connecter.cpp.o
[ 26%] Building CXX object _deps/libzmq-build/CMakeFiles/objects.dir/src/stream.cpp.o
[ 27%] Building CXX object _deps/libzmq-build/CMakeFiles/objects.dir/src/stream_engine_base.cpp.o
[ 27%] Building CXX object _deps/libzmq-build/CMakeFiles/objects.dir/src/sub.cpp.o
[ 27%] Building CXX object _deps/libzmq-build/CMakeFiles/objects.dir/src/tcp.cpp.o
[ 28%] Building CXX object _deps/libzmq-build/CMakeFiles/objects.dir/src/tcp_address.cpp.o
[ 28%] Building CXX object _deps/libzmq-build/CMakeFiles/objects.dir/src/tcp_connecter.cpp.o
[ 29%] Building CXX object _deps/libzmq-build/CMakeFiles/objects.dir/src/tcp_listener.cpp.o
[ 29%] Building CXX object _deps/libzmq-build/CMakeFiles/objects.dir/src/thread.cpp.o
[ 29%] Building CXX object _deps/libzmq-build/CMakeFiles/objects.dir/src/trie.cpp.o
[ 30%] Building CXX object _deps/libzmq-build/CMakeFiles/objects.dir/src/radix_tree.cpp.o
[ 30%] Building CXX object _deps/libzmq-build/CMakeFiles/objects.dir/src/v1_decoder.cpp.o
[ 30%] Building CXX object _deps/libzmq-build/CMakeFiles/objects.dir/src/v1_encoder.cpp.o
[ 31%] Building CXX object _deps/libzmq-build/CMakeFiles/objects.dir/src/v2_decoder.cpp.o
[ 31%] Building CXX object _deps/libzmq-build/CMakeFiles/objects.dir/src/v2_encoder.cpp.o
[ 32%] Building CXX object _deps/libzmq-build/CMakeFiles/objects.dir/src/v3_1_encoder.cpp.o
[ 32%] Building CXX object _deps/libzmq-build/CMakeFiles/objects.dir/src/xpub.cpp.o
[ 32%] Building CXX object _deps/libzmq-build/CMakeFiles/objects.dir/src/xsub.cpp.o
[ 33%] Building CXX object _deps/libzmq-build/CMakeFiles/objects.dir/src/zmq.cpp.o
[ 33%] Building CXX object _deps/libzmq-build/CMakeFiles/objects.dir/src/zmq_utils.cpp.o
[ 33%] Building CXX object _deps/libzmq-build/CMakeFiles/objects.dir/src/decoder_allocators.cpp.o
[ 34%] Building CXX object _deps/libzmq-build/CMakeFiles/objects.dir/src/socket_poller.cpp.o
[ 34%] Building CXX object _deps/libzmq-build/CMakeFiles/objects.dir/src/timers.cpp.o
[ 35%] Building CXX object _deps/libzmq-build/CMakeFiles/objects.dir/src/radio.cpp.o
[ 35%] Building CXX object _deps/libzmq-build/CMakeFiles/objects.dir/src/dish.cpp.o
[ 35%] Building CXX object _deps/libzmq-build/CMakeFiles/objects.dir/src/udp_engine.cpp.o
[ 36%] Building CXX object _deps/libzmq-build/CMakeFiles/objects.dir/src/udp_address.cpp.o
[ 36%] Building CXX object _deps/libzmq-build/CMakeFiles/objects.dir/src/scatter.cpp.o
[ 36%] Building CXX object _deps/libzmq-build/CMakeFiles/objects.dir/src/gather.cpp.o
[ 37%] Building CXX object _deps/libzmq-build/CMakeFiles/objects.dir/src/ip_resolver.cpp.o
[ 37%] Building CXX object _deps/libzmq-build/CMakeFiles/objects.dir/src/zap_client.cpp.o
[ 38%] Building CXX object _deps/libzmq-build/CMakeFiles/objects.dir/src/zmtp_engine.cpp.o
[ 38%] Building CXX object _deps/libzmq-build/CMakeFiles/objects.dir/src/stream_connecter_base.cpp.o
[ 38%] Building CXX object _deps/libzmq-build/CMakeFiles/objects.dir/src/stream_listener_base.cpp.o
[ 38%] Built target objects
[ 38%] Generating zmq_z85_encode.html
[ 39%] Generating zmq.html
[ 39%] Generating zmq_atomic_counter_dec.html
[ 39%] Generating zmq_atomic_counter_destroy.html
[ 40%] Generating zmq_atomic_counter_inc.html
[ 40%] Generating zmq_atomic_counter_new.html
[ 41%] Generating zmq_atomic_counter_set.html
[ 41%] Generating zmq_atomic_counter_value.html
[ 41%] Generating zmq_bind.html
[ 42%] Generating zmq_close.html
[ 42%] Generating zmq_connect.html
[ 42%] Generating zmq_connect_peer.html
[ 43%] Generating zmq_ctx_destroy.html
[ 43%] Generating zmq_ctx_get.html
[ 44%] Generating zmq_ctx_get_ext.html
[ 44%] Generating zmq_ctx_new.html
[ 44%] Generating zmq_ctx_set.html
[ 45%] Generating zmq_ctx_set_ext.html
[ 45%] Generating zmq_ctx_shutdown.html
[ 45%] Generating zmq_ctx_term.html
[ 46%] Generating zmq_curve.html
[ 46%] Generating zmq_curve_keypair.html
[ 47%] Generating zmq_curve_public.html
[ 47%] Generating zmq_disconnect.html
[ 47%] Generating zmq_errno.html
[ 48%] Generating zmq_getsockopt.html
[ 48%] Generating zmq_gssapi.html
[ 48%] Generating zmq_has.html
[ 49%] Generating zmq_init.html
[ 49%] Generating zmq_inproc.html
[ 50%] Generating zmq_ipc.html
[ 50%] Generating zmq_msg_close.html
[ 50%] Generating zmq_msg_copy.html
[ 51%] Generating zmq_msg_data.html
[ 51%] Generating zmq_msg_get.html
[ 51%] Generating zmq_msg_gets.html
[ 52%] Generating zmq_msg_init.html
[ 52%] Generating zmq_msg_init_buffer.html
[ 53%] Generating zmq_msg_init_data.html
[ 53%] Generating zmq_msg_init_size.html
[ 53%] Generating zmq_msg_more.html
[ 54%] Generating zmq_msg_move.html
[ 54%] Generating zmq_msg_recv.html
[ 54%] Generating zmq_msg_routing_id.html
[ 55%] Generating zmq_msg_send.html
[ 55%] Generating zmq_msg_set.html
[ 56%] Generating zmq_msg_set_routing_id.html
[ 56%] Generating zmq_msg_size.html
[ 56%] Generating zmq_null.html
[ 57%] Generating zmq_pgm.html
[ 57%] Generating zmq_plain.html
[ 58%] Generating zmq_poll.html
[ 58%] Generating zmq_poller.html
[ 58%] Generating zmq_proxy.html
[ 59%] Generating zmq_proxy_steerable.html
[ 59%] Generating zmq_recv.html
[ 59%] Generating zmq_recvmsg.html
[ 60%] Generating zmq_send.html
[ 60%] Generating zmq_send_const.html
[ 61%] Generating zmq_sendmsg.html
[ 61%] Generating zmq_setsockopt.html
[ 61%] Generating zmq_socket.html
[ 62%] Generating zmq_socket_monitor.html
[ 62%] Generating zmq_socket_monitor_versioned.html
[ 62%] Generating zmq_strerror.html
[ 63%] Generating zmq_tcp.html
[ 63%] Generating zmq_term.html
[ 64%] Generating zmq_timers.html
[ 64%] Generating zmq_tipc.html
[ 64%] Generating zmq_udp.html
[ 65%] Generating zmq_unbind.html
[ 65%] Generating zmq_version.html
[ 65%] Generating zmq_vmci.html
[ 66%] Generating zmq_z85_decode.html
Scanning dependencies of target libzmq
[ 67%] Linking CXX shared library lib/libzmq.dylib
[ 67%] Built target libzmq
Scanning dependencies of target serialport
[ 68%] Creating directories for 'serialport'
[ 68%] Performing download step (git clone) for 'serialport'
Cloning into 'libserialport-src'...
Already on 'master'
Your branch is up to date with 'origin/master'.
[ 69%] No patch step for 'serialport'
[ 69%] No update step for 'serialport'
[ 69%] Performing configure step for 'serialport'
autoreconf: export WARNINGS=
autoreconf: Entering directory '/Users/AlexanderBouman/Desktop/GradSchool/RExLab/SerialRelay/deps/build/_deps/libserialport/libserialport-src'
autoreconf: configure.ac: not using Gettext
autoreconf: running: aclocal --force -I autostuff
autoreconf: configure.ac: tracing
autoreconf: running: glibtoolize --copy --force
glibtoolize: putting auxiliary files in AC_CONFIG_AUX_DIR, 'autostuff'.
glibtoolize: copying file 'autostuff/ltmain.sh'
glibtoolize: putting macros in AC_CONFIG_MACRO_DIRS, 'autostuff'.
glibtoolize: copying file 'autostuff/libtool.m4'
glibtoolize: copying file 'autostuff/ltoptions.m4'
glibtoolize: copying file 'autostuff/ltsugar.m4'
glibtoolize: copying file 'autostuff/ltversion.m4'
glibtoolize: copying file 'autostuff/lt~obsolete.m4'
autoreconf: configure.ac: not using Intltool
autoreconf: configure.ac: not using Gtkdoc
autoreconf: running: aclocal --force -I autostuff
autoreconf: running: /usr/local/Cellar/autoconf/2.71/bin/autoconf --force
autoreconf: running: /usr/local/Cellar/autoconf/2.71/bin/autoheader --force
autoreconf: running: automake --add-missing --copy --force-missing
configure.ac:46: installing 'autostuff/ar-lib'
configure.ac:46: installing 'autostuff/compile'
configure.ac:67: installing 'autostuff/config.guess'
configure.ac:67: installing 'autostuff/config.sub'
configure.ac:44: installing 'autostuff/install-sh'
configure.ac:44: installing 'autostuff/missing'
Makefile.am: installing './INSTALL'
Makefile.am: installing 'autostuff/depcomp'
parallel-tests: installing 'autostuff/test-driver'
autoreconf: Leaving directory '/Users/AlexanderBouman/Desktop/GradSchool/RExLab/SerialRelay/deps/build/_deps/libserialport/libserialport-src'
checking for a BSD-compatible install... /usr/bin/install -c
checking whether build environment is sane... yes
checking for a race-free mkdir -p... ./autostuff/install-sh -c -d
checking for gawk... no
checking for mawk... no
checking for nawk... no
checking for awk... awk
checking whether make sets $(MAKE)... yes
checking whether make supports nested variables... yes
checking whether make supports nested variables... (cached) yes
checking whether make supports the include directive... yes (GNU style)
checking for gcc... gcc-11
checking whether the C compiler works... yes
checking for C compiler default output file name... a.out
checking for suffix of executables... 
checking whether we are cross compiling... no
checking for suffix of object files... o
checking whether the compiler supports GNU C... yes
checking whether gcc-11 accepts -g... yes
checking for gcc-11 option to enable C11 features... none needed
checking whether gcc-11 understands -c and -o together... yes
checking dependency style of gcc-11... gcc3
checking for ar... ar
checking the archiver (ar) interface... ar
checking for gcc... (cached) gcc-11
checking whether the compiler supports GNU C... (cached) yes
checking whether gcc-11 accepts -g... (cached) yes
checking for gcc-11 option to enable C11 features... (cached) none needed
checking whether gcc-11 understands -c and -o together... (cached) yes
checking dependency style of gcc-11... (cached) gcc3
checking whether ln -s works... yes
checking build system type... x86_64-apple-darwin20.6.0
checking host system type... x86_64-apple-darwin20.6.0
checking how to print strings... printf
checking for a sed that does not truncate output... /usr/bin/sed
checking for grep that handles long lines and -e... /usr/bin/grep
checking for egrep... /usr/bin/grep -E
checking for fgrep... /usr/bin/grep -F
checking for ld used by gcc-11... /usr/bin/ld
checking if the linker (/usr/bin/ld) is GNU ld... no
checking for BSD- or MS-compatible name lister (nm)... /usr/bin/nm -B
checking the name lister (/usr/bin/nm -B) interface... BSD nm
checking the maximum length of command line arguments... 786432
checking how to convert x86_64-apple-darwin20.6.0 file names to x86_64-apple-darwin20.6.0 format... func_convert_file_noop
checking how to convert x86_64-apple-darwin20.6.0 file names to toolchain format... func_convert_file_noop
checking for /usr/bin/ld option to reload object files... -r
checking for objdump... objdump
checking how to recognize dependent libraries... pass_all
checking for dlltool... no
checking how to associate runtime and link libraries... printf %s\n
checking for archiver @FILE support... no
checking for strip... strip
checking for ranlib... ranlib
checking command to parse /usr/bin/nm -B output from gcc-11 object... ok
checking for sysroot... no
checking for a working dd... /bin/dd
checking how to truncate binary pipes... /bin/dd bs=4096 count=1
checking for mt... no
checking if : is a manifest tool... no
checking for dsymutil... dsymutil
checking for nmedit... nmedit
checking for lipo... lipo
checking for otool... otool
checking for otool64... no
checking for -single_module linker flag... yes
checking for -exported_symbols_list linker flag... yes
checking for -force_load linker flag... yes
checking for stdio.h... yes
checking for stdlib.h... yes
checking for string.h... yes
checking for inttypes.h... yes
checking for stdint.h... yes
checking for strings.h... yes
checking for sys/stat.h... yes
checking for sys/types.h... yes
checking for unistd.h... yes
checking for dlfcn.h... yes
checking for objdir... .libs
checking if gcc-11 supports -fno-rtti -fno-exceptions... no
checking for gcc-11 option to produce PIC... -fno-common -DPIC
checking if gcc-11 PIC flag -fno-common -DPIC works... yes
checking if gcc-11 static flag -static works... no
checking if gcc-11 supports -c -o file.o... yes
checking if gcc-11 supports -c -o file.o... (cached) yes
checking whether the gcc-11 linker (/usr/bin/ld) supports shared libraries... yes
checking dynamic linker characteristics... darwin20.6.0 dyld
checking how to hardcode library paths into programs... immediate
checking whether stripping libraries is possible... yes
checking if libtool supports shared libraries... yes
checking whether to build shared libraries... yes
checking whether to build static libraries... yes
checking for IOKit/IOKitLib.h... yes
checking for special C compiler options needed for large files... no
checking for _FILE_OFFSET_BITS value needed for large files... no
checking for size_t... yes
checking for struct termios2... no
checking for struct termios.c_ispeed... no
checking for struct termios.c_ospeed... no
checking for struct termios2.c_ispeed... no
checking for struct termios2.c_ospeed... no
checking for gcc-11 options needed to detect all undeclared functions... none needed
checking whether BOTHER is declared... no
checking for struct serial_struct... no
checking for realpath... yes
checking for sys/file.h... yes
checking for flock... yes
checking for clock_gettime... yes
checking for visibility control... attribute
checking that generated files are newer than configure... done
configure: creating ./config.status
config.status: creating Makefile
config.status: creating libserialport.pc
config.status: creating config.h
config.status: executing depfiles commands
config.status: executing libtool commands

libserialport configuration summary:

 - Package version................. 0.1.1
 - Library ABI version............. 1:0:1
 - Prefix.......................... /usr/local
 - Building on..................... x86_64-apple-darwin20.6.0
 - Building for.................... x86_64-apple-darwin20.6.0
 - Building shared / static........ yes / yes

Compile configuration:
 - C compiler...................... gcc-11
 - C compiler version.............. gcc-11 (Homebrew GCC 11.1.0_1) 11.1.0
 - C compiler flags................ -g -O2
 - Linker flags.................... 

[ 70%] Performing build step for 'serialport'
  CC       serialport.lo
  CC       timing.lo
  CC       macosx.lo
macosx.c: In function 'get_port_details':
macosx.c:65:17: warning: 'IORegistryEntryGetParentEntry' reading 128 bytes from a region of size 10 [-Wstringop-overread]
   65 |                 IORegistryEntryGetParentEntry(ioport, kIOServicePlane, &ioparent);
      |                 ^~~~~~~~~~~~~~~~~~~~~~~~~~~~~~~~~~~~~~~~~~~~~~~~~~~~~~~~~~~~~~~~~
macosx.c:65:17: note: referencing argument 2 of type 'const char *'
In file included from libserialport_internal.h:91,
                 from macosx.c:23:
/Library/Developer/CommandLineTools/SDKs/MacOSX.sdk/System/Library/Frameworks/IOKit.framework/Headers/IOKitLib.h:1252:1: note: in a call to function 'IORegistryEntryGetParentEntry'
 1252 | IORegistryEntryGetParentEntry(
      | ^~~~~~~~~~~~~~~~~~~~~~~~~~~~~
macosx.c:66:34: warning: 'IORegistryEntrySearchCFProperty' reading 128 bytes from a region of size 10 [-Wstringop-overread]
   66 |                 if ((cf_property=IORegistryEntrySearchCFProperty(ioparent,kIOServicePlane,
      |                                  ^~~~~~~~~~~~~~~~~~~~~~~~~~~~~~~~~~~~~~~~~~~~~~~~~~~~~~~~~
   67 |                            CFSTR("IOClass"), kCFAllocatorDefault,
      |                            ~~~~~~~~~~~~~~~~~~~~~~~~~~~~~~~~~~~~~~
   68 |                            kIORegistryIterateRecursively | kIORegistryIterateParents))) {
      |                            ~~~~~~~~~~~~~~~~~~~~~~~~~~~~~~~~~~~~~~~~~~~~~~~~~~~~~~~~~~
macosx.c:66:34: note: referencing argument 2 of type 'const char *'
In file included from libserialport_internal.h:91,
                 from macosx.c:23:
/Library/Developer/CommandLineTools/SDKs/MacOSX.sdk/System/Library/Frameworks/IOKit.framework/Headers/IOKitLib.h:1158:1: note: in a call to function 'IORegistryEntrySearchCFProperty'
 1158 | IORegistryEntrySearchCFProperty(
      | ^~~~~~~~~~~~~~~~~~~~~~~~~~~~~~~
macosx.c:77:34: warning: 'IORegistryEntrySearchCFProperty' reading 128 bytes from a region of size 10 [-Wstringop-overread]
   77 |                 if ((cf_property=IORegistryEntrySearchCFProperty(ioparent,kIOServicePlane,
      |                                  ^~~~~~~~~~~~~~~~~~~~~~~~~~~~~~~~~~~~~~~~~~~~~~~~~~~~~~~~~
   78 |                            CFSTR("IOProviderClass"), kCFAllocatorDefault,
      |                            ~~~~~~~~~~~~~~~~~~~~~~~~~~~~~~~~~~~~~~~~~~~~~~
   79 |                            kIORegistryIterateRecursively | kIORegistryIterateParents))) {
      |                            ~~~~~~~~~~~~~~~~~~~~~~~~~~~~~~~~~~~~~~~~~~~~~~~~~~~~~~~~~~
macosx.c:77:34: note: referencing argument 2 of type 'const char *'
In file included from libserialport_internal.h:91,
                 from macosx.c:23:
/Library/Developer/CommandLineTools/SDKs/MacOSX.sdk/System/Library/Frameworks/IOKit.framework/Headers/IOKitLib.h:1158:1: note: in a call to function 'IORegistryEntrySearchCFProperty'
 1158 | IORegistryEntrySearchCFProperty(
      | ^~~~~~~~~~~~~~~~~~~~~~~~~~~~~~~
macosx.c:90:36: warning: 'IORegistryEntrySearchCFProperty' reading 128 bytes from a region of size 10 [-Wstringop-overread]
   90 |                 if ((cf_property = IORegistryEntrySearchCFProperty(ioport,kIOServicePlane,
      |                                    ^~~~~~~~~~~~~~~~~~~~~~~~~~~~~~~~~~~~~~~~~~~~~~~~~~~~~~~
   91 |                          CFSTR("USB Interface Name"), kCFAllocatorDefault,
      |                          ~~~~~~~~~~~~~~~~~~~~~~~~~~~~~~~~~~~~~~~~~~~~~~~~~
   92 |                          kIORegistryIterateRecursively | kIORegistryIterateParents)) ||
      |                          ~~~~~~~~~~~~~~~~~~~~~~~~~~~~~~~~~~~~~~~~~~~~~~~~~~~~~~~~~~
macosx.c:90:36: note: referencing argument 2 of type 'const char *'
In file included from libserialport_internal.h:91,
                 from macosx.c:23:
/Library/Developer/CommandLineTools/SDKs/MacOSX.sdk/System/Library/Frameworks/IOKit.framework/Headers/IOKitLib.h:1158:1: note: in a call to function 'IORegistryEntrySearchCFProperty'
 1158 | IORegistryEntrySearchCFProperty(
      | ^~~~~~~~~~~~~~~~~~~~~~~~~~~~~~~
macosx.c:93:36: warning: 'IORegistryEntrySearchCFProperty' reading 128 bytes from a region of size 10 [-Wstringop-overread]
   93 |                     (cf_property = IORegistryEntrySearchCFProperty(ioport,kIOServicePlane,
      |                                    ^~~~~~~~~~~~~~~~~~~~~~~~~~~~~~~~~~~~~~~~~~~~~~~~~~~~~~~
   94 |                          CFSTR("USB Product Name"), kCFAllocatorDefault,
      |                          ~~~~~~~~~~~~~~~~~~~~~~~~~~~~~~~~~~~~~~~~~~~~~~~
   95 |                          kIORegistryIterateRecursively | kIORegistryIterateParents)) ||
      |                          ~~~~~~~~~~~~~~~~~~~~~~~~~~~~~~~~~~~~~~~~~~~~~~~~~~~~~~~~~~
macosx.c:93:36: note: referencing argument 2 of type 'const char *'
In file included from libserialport_internal.h:91,
                 from macosx.c:23:
/Library/Developer/CommandLineTools/SDKs/MacOSX.sdk/System/Library/Frameworks/IOKit.framework/Headers/IOKitLib.h:1158:1: note: in a call to function 'IORegistryEntrySearchCFProperty'
 1158 | IORegistryEntrySearchCFProperty(
      | ^~~~~~~~~~~~~~~~~~~~~~~~~~~~~~~
macosx.c:96:36: warning: 'IORegistryEntrySearchCFProperty' reading 128 bytes from a region of size 10 [-Wstringop-overread]
   96 |                     (cf_property = IORegistryEntrySearchCFProperty(ioport,kIOServicePlane,
      |                                    ^~~~~~~~~~~~~~~~~~~~~~~~~~~~~~~~~~~~~~~~~~~~~~~~~~~~~~~
   97 |                          CFSTR("Product Name"), kCFAllocatorDefault,
      |                          ~~~~~~~~~~~~~~~~~~~~~~~~~~~~~~~~~~~~~~~~~~~
   98 |                          kIORegistryIterateRecursively | kIORegistryIterateParents)) ||
      |                          ~~~~~~~~~~~~~~~~~~~~~~~~~~~~~~~~~~~~~~~~~~~~~~~~~~~~~~~~~~
macosx.c:96:36: note: referencing argument 2 of type 'const char *'
In file included from libserialport_internal.h:91,
                 from macosx.c:23:
/Library/Developer/CommandLineTools/SDKs/MacOSX.sdk/System/Library/Frameworks/IOKit.framework/Headers/IOKitLib.h:1158:1: note: in a call to function 'IORegistryEntrySearchCFProperty'
 1158 | IORegistryEntrySearchCFProperty(
      | ^~~~~~~~~~~~~~~~~~~~~~~~~~~~~~~
macosx.c:111:26: warning: 'IORegistryEntrySearchCFProperty' reading 128 bytes from a region of size 10 [-Wstringop-overread]
  111 |                 cf_bus = IORegistryEntrySearchCFProperty(ioport, kIOServicePlane,
      |                          ^~~~~~~~~~~~~~~~~~~~~~~~~~~~~~~~~~~~~~~~~~~~~~~~~~~~~~~~
  112 |                                                          CFSTR("USBBusNumber"),
      |                                                          ~~~~~~~~~~~~~~~~~~~~~~
  113 |                                                          kCFAllocatorDefault,
      |                                                          ~~~~~~~~~~~~~~~~~~~~
  114 |                                                          kIORegistryIterateRecursively
      |                                                          ~~~~~~~~~~~~~~~~~~~~~~~~~~~~~
  115 |                                                          | kIORegistryIterateParents);
      |                                                          ~~~~~~~~~~~~~~~~~~~~~~~~~~~~
macosx.c:111:26: note: referencing argument 2 of type 'const char *'
In file included from libserialport_internal.h:91,
                 from macosx.c:23:
/Library/Developer/CommandLineTools/SDKs/MacOSX.sdk/System/Library/Frameworks/IOKit.framework/Headers/IOKitLib.h:1158:1: note: in a call to function 'IORegistryEntrySearchCFProperty'
 1158 | IORegistryEntrySearchCFProperty(
      | ^~~~~~~~~~~~~~~~~~~~~~~~~~~~~~~
macosx.c:116:30: warning: 'IORegistryEntrySearchCFProperty' reading 128 bytes from a region of size 10 [-Wstringop-overread]
  116 |                 cf_address = IORegistryEntrySearchCFProperty(ioport, kIOServicePlane,
      |                              ^~~~~~~~~~~~~~~~~~~~~~~~~~~~~~~~~~~~~~~~~~~~~~~~~~~~~~~~
  117 |                                                          CFSTR("USB Address"),
      |                                                          ~~~~~~~~~~~~~~~~~~~~~
  118 |                                                          kCFAllocatorDefault,
      |                                                          ~~~~~~~~~~~~~~~~~~~~
  119 |                                                          kIORegistryIterateRecursively
      |                                                          ~~~~~~~~~~~~~~~~~~~~~~~~~~~~~
  120 |                                                          | kIORegistryIterateParents);
      |                                                          ~~~~~~~~~~~~~~~~~~~~~~~~~~~~
macosx.c:116:30: note: referencing argument 2 of type 'const char *'
In file included from libserialport_internal.h:91,
                 from macosx.c:23:
/Library/Developer/CommandLineTools/SDKs/MacOSX.sdk/System/Library/Frameworks/IOKit.framework/Headers/IOKitLib.h:1158:1: note: in a call to function 'IORegistryEntrySearchCFProperty'
 1158 | IORegistryEntrySearchCFProperty(
      | ^~~~~~~~~~~~~~~~~~~~~~~~~~~~~~~
macosx.c:133:29: warning: 'IORegistryEntrySearchCFProperty' reading 128 bytes from a region of size 10 [-Wstringop-overread]
  133 |                 cf_vendor = IORegistryEntrySearchCFProperty(ioport, kIOServicePlane,
      |                             ^~~~~~~~~~~~~~~~~~~~~~~~~~~~~~~~~~~~~~~~~~~~~~~~~~~~~~~~
  134 |                                                          CFSTR("idVendor"),
      |                                                          ~~~~~~~~~~~~~~~~~~
  135 |                                                          kCFAllocatorDefault,
      |                                                          ~~~~~~~~~~~~~~~~~~~~
  136 |                                                          kIORegistryIterateRecursively
      |                                                          ~~~~~~~~~~~~~~~~~~~~~~~~~~~~~
  137 |                                                          | kIORegistryIterateParents);
      |                                                          ~~~~~~~~~~~~~~~~~~~~~~~~~~~~
macosx.c:133:29: note: referencing argument 2 of type 'const char *'
In file included from libserialport_internal.h:91,
                 from macosx.c:23:
/Library/Developer/CommandLineTools/SDKs/MacOSX.sdk/System/Library/Frameworks/IOKit.framework/Headers/IOKitLib.h:1158:1: note: in a call to function 'IORegistryEntrySearchCFProperty'
 1158 | IORegistryEntrySearchCFProperty(
      | ^~~~~~~~~~~~~~~~~~~~~~~~~~~~~~~
macosx.c:138:30: warning: 'IORegistryEntrySearchCFProperty' reading 128 bytes from a region of size 10 [-Wstringop-overread]
  138 |                 cf_product = IORegistryEntrySearchCFProperty(ioport, kIOServicePlane,
      |                              ^~~~~~~~~~~~~~~~~~~~~~~~~~~~~~~~~~~~~~~~~~~~~~~~~~~~~~~~
  139 |                                                          CFSTR("idProduct"),
      |                                                          ~~~~~~~~~~~~~~~~~~~
  140 |                                                          kCFAllocatorDefault,
      |                                                          ~~~~~~~~~~~~~~~~~~~~
  141 |                                                          kIORegistryIterateRecursively
      |                                                          ~~~~~~~~~~~~~~~~~~~~~~~~~~~~~
  142 |                                                          | kIORegistryIterateParents);
      |                                                          ~~~~~~~~~~~~~~~~~~~~~~~~~~~~
macosx.c:138:30: note: referencing argument 2 of type 'const char *'
In file included from libserialport_internal.h:91,
                 from macosx.c:23:
/Library/Developer/CommandLineTools/SDKs/MacOSX.sdk/System/Library/Frameworks/IOKit.framework/Headers/IOKitLib.h:1158:1: note: in a call to function 'IORegistryEntrySearchCFProperty'
 1158 | IORegistryEntrySearchCFProperty(
      | ^~~~~~~~~~~~~~~~~~~~~~~~~~~~~~~
macosx.c:155:36: warning: 'IORegistryEntrySearchCFProperty' reading 128 bytes from a region of size 10 [-Wstringop-overread]
  155 |                 if ((cf_property = IORegistryEntrySearchCFProperty(ioport,kIOServicePlane,
      |                                    ^~~~~~~~~~~~~~~~~~~~~~~~~~~~~~~~~~~~~~~~~~~~~~~~~~~~~~~
  156 |                          CFSTR("USB Vendor Name"), kCFAllocatorDefault,
      |                          ~~~~~~~~~~~~~~~~~~~~~~~~~~~~~~~~~~~~~~~~~~~~~~
  157 |                          kIORegistryIterateRecursively | kIORegistryIterateParents))) {
      |                          ~~~~~~~~~~~~~~~~~~~~~~~~~~~~~~~~~~~~~~~~~~~~~~~~~~~~~~~~~~
macosx.c:155:36: note: referencing argument 2 of type 'const char *'
In file included from libserialport_internal.h:91,
                 from macosx.c:23:
/Library/Developer/CommandLineTools/SDKs/MacOSX.sdk/System/Library/Frameworks/IOKit.framework/Headers/IOKitLib.h:1158:1: note: in a call to function 'IORegistryEntrySearchCFProperty'
 1158 | IORegistryEntrySearchCFProperty(
      | ^~~~~~~~~~~~~~~~~~~~~~~~~~~~~~~
macosx.c:166:36: warning: 'IORegistryEntrySearchCFProperty' reading 128 bytes from a region of size 10 [-Wstringop-overread]
  166 |                 if ((cf_property = IORegistryEntrySearchCFProperty(ioport,kIOServicePlane,
      |                                    ^~~~~~~~~~~~~~~~~~~~~~~~~~~~~~~~~~~~~~~~~~~~~~~~~~~~~~~
  167 |                          CFSTR("USB Product Name"), kCFAllocatorDefault,
      |                          ~~~~~~~~~~~~~~~~~~~~~~~~~~~~~~~~~~~~~~~~~~~~~~~
  168 |                          kIORegistryIterateRecursively | kIORegistryIterateParents))) {
      |                          ~~~~~~~~~~~~~~~~~~~~~~~~~~~~~~~~~~~~~~~~~~~~~~~~~~~~~~~~~~
macosx.c:166:36: note: referencing argument 2 of type 'const char *'
In file included from libserialport_internal.h:91,
                 from macosx.c:23:
/Library/Developer/CommandLineTools/SDKs/MacOSX.sdk/System/Library/Frameworks/IOKit.framework/Headers/IOKitLib.h:1158:1: note: in a call to function 'IORegistryEntrySearchCFProperty'
 1158 | IORegistryEntrySearchCFProperty(
      | ^~~~~~~~~~~~~~~~~~~~~~~~~~~~~~~
macosx.c:177:36: warning: 'IORegistryEntrySearchCFProperty' reading 128 bytes from a region of size 10 [-Wstringop-overread]
  177 |                 if ((cf_property = IORegistryEntrySearchCFProperty(ioport,kIOServicePlane,
      |                                    ^~~~~~~~~~~~~~~~~~~~~~~~~~~~~~~~~~~~~~~~~~~~~~~~~~~~~~~
  178 |                          CFSTR("USB Serial Number"), kCFAllocatorDefault,
      |                          ~~~~~~~~~~~~~~~~~~~~~~~~~~~~~~~~~~~~~~~~~~~~~~~~
  179 |                          kIORegistryIterateRecursively | kIORegistryIterateParents))) {
      |                          ~~~~~~~~~~~~~~~~~~~~~~~~~~~~~~~~~~~~~~~~~~~~~~~~~~~~~~~~~~
macosx.c:177:36: note: referencing argument 2 of type 'const char *'
In file included from libserialport_internal.h:91,
                 from macosx.c:23:
/Library/Developer/CommandLineTools/SDKs/MacOSX.sdk/System/Library/Frameworks/IOKit.framework/Headers/IOKitLib.h:1158:1: note: in a call to function 'IORegistryEntrySearchCFProperty'
 1158 | IORegistryEntrySearchCFProperty(
      | ^~~~~~~~~~~~~~~~~~~~~~~~~~~~~~~
  CCLD     libserialport.la
[ 70%] No install step for 'serialport'
[ 71%] Completed 'serialport'
[ 71%] Built target serialport
Scanning dependencies of target relay_launch
[ 72%] Building C object CMakeFiles/relay_launch.dir/serial_relay.c.o
[ 72%] Building C object CMakeFiles/relay_launch.dir/relay_launch.c.o
[ 72%] Linking C executable relay_launch
[ 72%] Built target relay_launch
Scanning dependencies of target libzmq-static
[ 73%] Linking CXX static library lib/libzmq.a
/Library/Developer/CommandLineTools/usr/bin/ranlib: file: lib/libzmq.a(precompiled.cpp.o) has no symbols
/Library/Developer/CommandLineTools/usr/bin/ranlib: file: lib/libzmq.a(epoll.cpp.o) has no symbols
/Library/Developer/CommandLineTools/usr/bin/ranlib: file: lib/libzmq.a(norm_engine.cpp.o) has no symbols
/Library/Developer/CommandLineTools/usr/bin/ranlib: file: lib/libzmq.a(pgm_receiver.cpp.o) has no symbols
/Library/Developer/CommandLineTools/usr/bin/ranlib: file: lib/libzmq.a(pgm_sender.cpp.o) has no symbols
/Library/Developer/CommandLineTools/usr/bin/ranlib: file: lib/libzmq.a(pgm_socket.cpp.o) has no symbols
/Library/Developer/CommandLineTools/usr/bin/ranlib: file: lib/libzmq.a(precompiled.cpp.o) has no symbols
/Library/Developer/CommandLineTools/usr/bin/ranlib: file: lib/libzmq.a(epoll.cpp.o) has no symbols
/Library/Developer/CommandLineTools/usr/bin/ranlib: file: lib/libzmq.a(norm_engine.cpp.o) has no symbols
/Library/Developer/CommandLineTools/usr/bin/ranlib: file: lib/libzmq.a(pgm_receiver.cpp.o) has no symbols
/Library/Developer/CommandLineTools/usr/bin/ranlib: file: lib/libzmq.a(pgm_sender.cpp.o) has no symbols
/Library/Developer/CommandLineTools/usr/bin/ranlib: file: lib/libzmq.a(pgm_socket.cpp.o) has no symbols
[100%] Built target libzmq-static
